F:\GITHUBPROJECT\SOURCETREE\MILITIAORGANIZATIONSYSTEM\源代码\MILITIAORGANIZATIONSYSTEM\MILITIAORGANIZATIONSYSTEM\DEBUG\MILITIAORGANIZATIONSYSTEM.PCH
F:\GITHUBPROJECT\SOURCETREE\MILITIAORGANIZATIONSYSTEM\源代码\MILITIAORGANIZATIONSYSTEM\MILITIAORGANIZATIONSYSTEM\DEBUG\STDAFX.OBJ
F:\GITHUBPROJECT\SOURCETREE\MILITIAORGANIZATIONSYSTEM\源代码\MILITIAORGANIZATIONSYSTEM\MILITIAORGANIZATIONSYSTEM\DEBUG\VC110.PDB
F:\GITHUBPROJECT\SOURCETREE\MILITIAORGANIZATIONSYSTEM\源代码\MILITIAORGANIZATIONSYSTEM\MILITIAORGANIZATIONSYSTEM\DEBUG\MILITIAORGANIZATIONSYSTEM.OBJ
F:\GITHUBPROJECT\SOURCETREE\MILITIAORGANIZATIONSYSTEM\源代码\MILITIAORGANIZATIONSYSTEM\MILITIAORGANIZATIONSYSTEM\DEBUG\MILITIAORGANIZATIONSYSTEMDLG.OBJ
F:\GITHUBPROJECT\SOURCETREE\MILITIAORGANIZATIONSYSTEM\源代码\MILITIAORGANIZATIONSYSTEM\DEBUG\MILITIAORGANIZATIONSYSTEM.ILK
F:\GITHUBPROJECT\SOURCETREE\MILITIAORGANIZATIONSYSTEM\源代码\MILITIAORGANIZATIONSYSTEM\DEBUG\MILITIAORGANIZATIONSYSTEM.EXE
F:\GITHUBPROJECT\SOURCETREE\MILITIAORGANIZATIONSYSTEM\源代码\MILITIAORGANIZATIONSYSTEM\DEBUG\MILITIAORGANIZATIONSYSTEM.PDB
F:\GITHUBPROJECT\SOURCETREE\MILITIAORGANIZATIONSYSTEM\源代码\MILITIAORGANIZATIONSYSTEM\MILITIAORGANIZATIONSYSTEM\DEBUG\MILITIAORGANIZATIONSYSTEM.RES
F:\GitHubProject\SourceTree\MilitiaOrganizationSystem\源代码\MilitiaOrganizationSystem\MilitiaOrganizationSystem\Debug\MilitiaOrganizationSystem.obj
F:\GitHubProject\SourceTree\MilitiaOrganizationSystem\源代码\MilitiaOrganizationSystem\MilitiaOrganizationSystem\Debug\MilitiaOrganizationSystemDlg.obj
F:\GitHubProject\SourceTree\MilitiaOrganizationSystem\源代码\MilitiaOrganizationSystem\MilitiaOrganizationSystem\Debug\stdafx.obj
F:\GitHubProject\SourceTree\MilitiaOrganizationSystem\源代码\MilitiaOrganizationSystem\MilitiaOrganizationSystem\Debug\cl.command.1.tlog
F:\GitHubProject\SourceTree\MilitiaOrganizationSystem\源代码\MilitiaOrganizationSystem\MilitiaOrganizationSystem\Debug\CL.read.1.tlog
F:\GitHubProject\SourceTree\MilitiaOrganizationSystem\源代码\MilitiaOrganizationSystem\MilitiaOrganizationSystem\Debug\CL.write.1.tlog
F:\GitHubProject\SourceTree\MilitiaOrganizationSystem\源代码\MilitiaOrganizationSystem\MilitiaOrganizationSystem\Debug\link-cvtres.read.1.tlog
F:\GitHubProject\SourceTree\MilitiaOrganizationSystem\源代码\MilitiaOrganizationSystem\MilitiaOrganizationSystem\Debug\link-cvtres.write.1.tlog
F:\GitHubProject\SourceTree\MilitiaOrganizationSystem\源代码\MilitiaOrganizationSystem\MilitiaOrganizationSystem\Debug\link-mt.read.1.tlog
F:\GitHubProject\SourceTree\MilitiaOrganizationSystem\源代码\MilitiaOrganizationSystem\MilitiaOrganizationSystem\Debug\link-mt.write.1.tlog
F:\GitHubProject\SourceTree\MilitiaOrganizationSystem\源代码\MilitiaOrganizationSystem\MilitiaOrganizationSystem\Debug\link-rc.read.1.tlog
F:\GitHubProject\SourceTree\MilitiaOrganizationSystem\源代码\MilitiaOrganizationSystem\MilitiaOrganizationSystem\Debug\link-rc.write.1.tlog
F:\GitHubProject\SourceTree\MilitiaOrganizationSystem\源代码\MilitiaOrganizationSystem\MilitiaOrganizationSystem\Debug\link.14512-cvtres.read.1.tlog
F:\GitHubProject\SourceTree\MilitiaOrganizationSystem\源代码\MilitiaOrganizationSystem\MilitiaOrganizationSystem\Debug\link.14512-cvtres.write.1.tlog
F:\GitHubProject\SourceTree\MilitiaOrganizationSystem\源代码\MilitiaOrganizationSystem\MilitiaOrganizationSystem\Debug\link.14512-mt.read.1.tlog
F:\GitHubProject\SourceTree\MilitiaOrganizationSystem\源代码\MilitiaOrganizationSystem\MilitiaOrganizationSystem\Debug\link.14512-mt.write.1.tlog
F:\GitHubProject\SourceTree\MilitiaOrganizationSystem\源代码\MilitiaOrganizationSystem\MilitiaOrganizationSystem\Debug\link.14512-rc.read.1.tlog
F:\GitHubProject\SourceTree\MilitiaOrganizationSystem\源代码\MilitiaOrganizationSystem\MilitiaOrganizationSystem\Debug\link.14512-rc.write.1.tlog
F:\GitHubProject\SourceTree\MilitiaOrganizationSystem\源代码\MilitiaOrganizationSystem\MilitiaOrganizationSystem\Debug\link.14512.read.1.tlog
F:\GitHubProject\SourceTree\MilitiaOrganizationSystem\源代码\MilitiaOrganizationSystem\MilitiaOrganizationSystem\Debug\link.14512.write.1.tlog
F:\GitHubProject\SourceTree\MilitiaOrganizationSystem\源代码\MilitiaOrganizationSystem\MilitiaOrganizationSystem\Debug\link.command.1.tlog
F:\GitHubProject\SourceTree\MilitiaOrganizationSystem\源代码\MilitiaOrganizationSystem\MilitiaOrganizationSystem\Debug\link.read.1.tlog
F:\GitHubProject\SourceTree\MilitiaOrganizationSystem\源代码\MilitiaOrganizationSystem\MilitiaOrganizationSystem\Debug\link.write.1.tlog
F:\GitHubProject\SourceTree\MilitiaOrganizationSystem\源代码\MilitiaOrganizationSystem\MilitiaOrganizationSystem\Debug\rc.command.1.tlog
F:\GitHubProject\SourceTree\MilitiaOrganizationSystem\源代码\MilitiaOrganizationSystem\MilitiaOrganizationSystem\Debug\rc.read.1.tlog
F:\GitHubProject\SourceTree\MilitiaOrganizationSystem\源代码\MilitiaOrganizationSystem\MilitiaOrganizationSystem\Debug\rc.write.1.tlog
F:\GitHubProject\SourceTree\MilitiaOrganizationSystem\源代码\MilitiaOrganizationSystem\MilitiaOrganizationSystem\Debug\MilitiaOrganizationSystem.res
F:\GitHubProject\SourceTree\MilitiaOrganizationSystem\源代码\MilitiaOrganizationSystem\MilitiaOrganizationSystem\Debug\MilitiaOrganizationSystem.pch
F:\GitHubProject\SourceTree\MilitiaOrganizationSystem\源代码\MilitiaOrganizationSystem\MilitiaOrganizationSystem\Debug\vc110.idb
F:\GitHubProject\SourceTree\MilitiaOrganizationSystem\源代码\MilitiaOrganizationSystem\MilitiaOrganizationSystem\Debug\vc110.pdb
F:\GitHubProject\SourceTree\MilitiaOrganizationSystem\源代码\MilitiaOrganizationSystem\Debug\MilitiaOrganizationSystem.pdb
F:\GitHubProject\SourceTree\MilitiaOrganizationSystem\源代码\MilitiaOrganizationSystem\Debug\MilitiaOrganizationSystem.exe
F:\GitHubProject\SourceTree\MilitiaOrganizationSystem\源代码\MilitiaOrganizationSystem\Debug\MilitiaOrganizationSystem.ilk
